2017-02-15 02:11:39.072+0000 INFO  [org.neo4j]: You are using an unsupported version of the Java runtime. Please use Oracle(R) Java(TM) Runtime Environment 7.
2017-02-15 02:11:39.073+0000 INFO  [org.neo4j]: --- INITIALIZED diagnostics START ---
2017-02-15 02:11:39.073+0000 INFO  [org.neo4j]: Neo4j Kernel properties:
    neostore.propertystore.db.strings.mapped_memory=563M
    cache_type=weak
    neostore.nodestore.db.mapped_memory=184M
    store_dir=/Users/philip-iii/Dev/workspaces/neon-emf/NeoEpsilon/instance/head2head/model.neo
    neostore.propertystore.db.arrays.mapped_memory=639M
    neostore.propertystore.db.mapped_memory=663M
    neostore.relationshipstore.db.mapped_memory=812M
2017-02-15 02:11:39.073+0000 INFO  [org.neo4j]: Diagnostics providers:
    org.neo4j.kernel.configuration.Config
    org.neo4j.kernel.info.DiagnosticsManager
    SYSTEM_MEMORY
    JAVA_MEMORY
    OPERATING_SYSTEM
    JAVA_VIRTUAL_MACHINE
    CLASSPATH
    LIBRARY_PATH
    SYSTEM_PROPERTIES
    NETWORK
2017-02-15 02:11:39.073+0000 INFO  [org.neo4j]: System memory information:
    Total Physical memory: 8.00 GB
    Free Physical memory: 207.82 MB
    Committed virtual memory: 5.83 GB
    Total swap space: 3.00 GB
    Free swap space: 763.75 MB
2017-02-15 02:11:39.075+0000 INFO  [org.neo4j]: JVM memory information:
    Free  memory: 33.66 MB
    Total memory: 63.00 MB
    Max   memory: 1.78 GB
    Garbage Collector: PS Scavenge: [PS Eden Space, PS Survivor Space]
    Garbage Collector: PS MarkSweep: [PS Eden Space, PS Survivor Space, PS Old Gen]
    Memory Pool: Code Cache (Non-heap memory): committed=6.00 MB, used=5.94 MB, max=240.00 MB, threshold=0.00 B
    Memory Pool: Metaspace (Non-heap memory): committed=25.50 MB, used=24.91 MB, max=-1.00 B, threshold=0.00 B
    Memory Pool: Compressed Class Space (Non-heap memory): committed=4.00 MB, used=3.92 MB, max=1.00 GB, threshold=0.00 B
    Memory Pool: PS Eden Space (Heap memory): committed=44.00 MB, used=14.15 MB, max=671.50 MB, threshold=?
    Memory Pool: PS Survivor Space (Heap memory): committed=5.00 MB, used=5.00 MB, max=5.00 MB, threshold=?
    Memory Pool: PS Old Gen (Heap memory): committed=14.00 MB, used=10.99 MB, max=1.33 GB, threshold=0.00 B
2017-02-15 02:11:39.079+0000 INFO  [org.neo4j]: Operating system information:
    Operating System: Mac OS X; version: 10.12.3; arch: x86_64; cpus: 4
    Max number of file descriptors: 10240
    Number of open file descriptors: 80
    Process id: 27458@Serenity.local
    Byte order: LITTLE_ENDIAN
    Local timezone: Europe/Berlin
2017-02-15 02:11:39.079+0000 INFO  [org.neo4j]: JVM information:
    VM Name: Java HotSpot(TM) 64-Bit Server VM
    VM Vendor: Oracle Corporation
    VM Version: 25.0-b62
    JIT compiler: HotSpot 64-Bit Tiered Compilers
    VM Arguments: [-Dfile.encoding=UTF-8]
2017-02-15 02:11:39.079+0000 INFO  [org.neo4j]: Java classpath:
     [classpath] /Users/philip-iii/Dev/Eclipse Neon.app/Contents/Eclipse/plugins/fr.inria.atlanmod.neoemf.blueprints.neo4j_1.0.0.jar
     [classpath] /Users/philip-iii/Dev/Eclipse Neon.app/Contents/Eclipse/plugins/org.eclipse.epsilon.dependencies_1.4.0.201608081018.jar
     [bootstrap] /Library/Java/JavaVirtualMachines/jdk1.8.0.jdk/Contents/Home/jre/classes
     [bootstrap] /Library/Java/JavaVirtualMachines/jdk1.8.0.jdk/Contents/Home/jre/lib/rt.jar
     [classpath] /Users/philip-iii/Dev/Eclipse Neon.app/Contents/Eclipse/plugins/org.apache.commons.io_2.2.0.v201405211200.jar
     [classpath + loader.0] file:/Users/philip-iii/Dev/workspaces/neon-emf/.metadata/.plugins/org.eclipse.pde.core/.external_libraries/fr.inria.atlanmod.neoemf.blueprints_1.0.0/hppc-0.6.0.jar
     [classpath + loader.0] file:/Users/philip-iii/Dev/workspaces/neon-emf/.metadata/.plugins/org.eclipse.pde.core/.external_libraries/fr.inria.atlanmod.neoemf.blueprints_1.0.0/jackson-annotations-2.2.3.jar
     [bootstrap] /Library/Java/JavaVirtualMachines/jdk1.8.0.jdk/Contents/Home/jre/lib/jfr.jar
     [loader.0] file:/Users/philip-iii/Dev/Eclipse%20Neon.app/Contents/Eclipse/plugins/fr.inria.atlanmod.neoemf.blueprints_1.0.0.jar
     [loader.1] file:/Library/Java/JavaVirtualMachines/jdk1.8.0.jdk/Contents/Home/jre/lib/ext/sunpkcs11.jar
     [loader.0] file:/Users/philip-iii/Dev/Eclipse%20Neon.app/Contents/Eclipse/plugins/org.eclipse.equinox.registry_3.6.100.v20160223-2218.jar
     [classpath + loader.0] file:/Users/philip-iii/Dev/workspaces/neon-emf/.metadata/.plugins/org.eclipse.pde.core/.external_libraries/fr.inria.atlanmod.neoemf.core_1.0.0/commons-configuration-1.10.jar
     [classpath + loader.0] file:/Users/philip-iii/Dev/workspaces/neon-emf/.metadata/.plugins/org.eclipse.pde.core/.external_libraries/fr.inria.atlanmod.neoemf.core_1.0.0/jsr305-3.0.1.jar
     [classpath] /Users/philip-iii/Dev/Eclipse Neon.app/Contents/Eclipse/plugins/javax.inject_1.0.0.v20091030.jar
     [classpath] /Users/philip-iii/Dev/Eclipse Neon.app/Contents/Eclipse/plugins/org.eclipse.osgi_3.11.0.v20160603-1336.jar
     [classpath] /Users/philip-iii/Dev/Eclipse Neon.app/Contents/Eclipse/plugins/fr.inria.atlanmod.neoemf.blueprints_1.0.0.jar
     [classpath + loader.0] file:/Users/philip-iii/Dev/workspaces/neon-emf/.metadata/.plugins/org.eclipse.pde.core/.external_libraries/fr.inria.atlanmod.neoemf.core_1.0.0/log4j-jul-2.7.jar
     [classpath + loader.0] file:/Users/philip-iii/Dev/workspaces/neon-emf/.metadata/.plugins/org.eclipse.pde.core/.external_libraries/fr.inria.atlanmod.neoemf.blueprints.neo4j_1.0.0/neo4j-lucene-index-1.9.6.jar
     [classpath] /Users/philip-iii/Dev/Eclipse Neon.app/Contents/Eclipse/plugins/org.eclipse.epsilon.eol.tools_1.4.0.201608081018.jar
     [loader.0] file:/Users/philip-iii/Dev/Eclipse%20Neon.app/Contents/Eclipse/plugins/org.eclipse.core.jobs_3.8.0.v20160509-0411.jar
     [loader.0] file:/Users/philip-iii/Dev/Eclipse%20Neon.app/Contents/Eclipse/plugins/org.eclipse.epsilon.etl.engine_1.4.0.201608081018.jar
     [loader.0] file:/Users/philip-iii/Dev/Eclipse%20Neon.app/Contents/Eclipse/plugins/org.eclipse.equinox.common_3.8.0.v20160509-1230.jar
     [classpath + loader.0] file:/Users/philip-iii/Dev/workspaces/neon-emf/.metadata/.plugins/org.eclipse.pde.core/.external_libraries/fr.inria.atlanmod.neoemf.blueprints_1.0.0/commons-configuration-1.10.jar
     [classpath] /Users/philip-iii/Dev/Eclipse Neon.app/Contents/Eclipse/plugins/org.eclipse.epsilon.profiling_1.4.0.201608081018.jar
     [loader.1] file:/Library/Java/JavaVirtualMachines/jdk1.8.0.jdk/Contents/Home/jre/lib/ext/sunec.jar
     [classpath + loader.0] file:/Users/philip-iii/Dev/workspaces/neon-emf/.metadata/.plugins/org.eclipse.pde.core/.external_libraries/fr.inria.atlanmod.neoemf.blueprints.neo4j_1.0.0/lucene-core-3.6.2.jar
     [loader.0] file:/Users/philip-iii/Dev/Eclipse%20Neon.app/Contents/Eclipse/plugins/fr.inria.atlanmod.neoemf.core_1.0.0.jar
     [classpath] /Users/philip-iii/Dev/Eclipse Neon.app/Contents/Eclipse/plugins/org.eclipse.osgi.compatibility.state_1.0.200.v20160504-1419.jar
     [classpath] /Users/philip-iii/Dev/Eclipse Neon.app/Contents/Eclipse/plugins/org.eclipse.emf.ecore.xmi_2.12.0.v20160420-0247.jar
     [loader.0] file:/Users/philip-iii/Dev/Eclipse%20Neon.app/Contents/Eclipse/plugins/org.eclipse.epsilon.emc.emf_1.4.0.201608081018.jar
     [classpath] /Users/philip-iii/Dev/Eclipse Neon.app/Contents/Eclipse/plugins/org.eclipse.equinox.common_3.8.0.v20160509-1230.jar
     [classpath + loader.0] file:/Users/philip-iii/Dev/workspaces/neon-emf/.metadata/.plugins/org.eclipse.pde.core/.external_libraries/fr.inria.atlanmod.neoemf.core_1.0.0/commons-logging-1.1.1.jar
     [loader.0] file:/Users/philip-iii/Dev/Eclipse%20Neon.app/Contents/Eclipse/plugins/org.eclipse.epsilon.erl.engine_1.4.0.201608081018.jar
     [classpath + loader.0] file:/Users/philip-iii/Dev/workspaces/neon-emf/NeoEpsilon/bin/
     [classpath] /Users/philip-iii/Dev/Eclipse Neon.app/Contents/Eclipse/plugins/org.eclipse.equinox.registry_3.6.100.v20160223-2218.jar
     [loader.0] file:/Users/philip-iii/Dev/Eclipse%20Neon.app/Contents/Eclipse/plugins/org.eclipse.emf.ecore.xmi_2.12.0.v20160420-0247.jar
     [classpath] /Users/philip-iii/Dev/Eclipse Neon.app/Contents/Eclipse/plugins/org.eclipse.equinox.preferences_3.6.0.v20160120-1756.jar
     [classpath + loader.0] file:/Users/philip-iii/Dev/workspaces/neon-emf/.metadata/.plugins/org.eclipse.pde.core/.external_libraries/fr.inria.atlanmod.neoemf.blueprints_1.0.0/commons-logging-1.1.1.jar
     [loader.0] file:/Users/philip-iii/Dev/Eclipse%20Neon.app/Contents/Eclipse/plugins/fr.inria.atlanmod.neoemf.blueprints.neo4j_1.0.0.jar
     [classpath + loader.0] file:/Users/philip-iii/Dev/workspaces/neon-emf/.metadata/.plugins/org.eclipse.pde.core/.external_libraries/fr.inria.atlanmod.neoemf.core_1.0.0/commons-io-2.5.jar
     [loader.0] file:/Users/philip-iii/Dev/Eclipse%20Neon.app/Contents/Eclipse/plugins/org.eclipse.epsilon.eol.engine_1.4.0.201608081018.jar
     [classpath + loader.0] file:/Users/philip-iii/Dev/workspaces/neon-emf/.metadata/.plugins/org.eclipse.pde.core/.external_libraries/fr.inria.atlanmod.neoemf.blueprints_1.0.0/guava-20.0.jar
     [classpath + loader.0] file:/Users/philip-iii/Dev/workspaces/neon-emf/.metadata/.plugins/org.eclipse.pde.core/.external_libraries/fr.inria.atlanmod.neoemf.core_1.0.0/log4j-jcl-2.7.jar
     [loader.0] file:/Users/philip-iii/Dev/Eclipse%20Neon.app/Contents/Eclipse/plugins/org.apache.commons.io_2.2.0.v201405211200.jar
     [classpath + loader.0] file:/Users/philip-iii/Dev/workspaces/neon-emf/.metadata/.plugins/org.eclipse.pde.core/.external_libraries/fr.inria.atlanmod.neoemf.blueprints_1.0.0/commons-lang3-3.5.jar
     [loader.0] file:/Users/philip-iii/Dev/Eclipse%20Neon.app/Contents/Eclipse/plugins/org.eclipse.core.runtime_3.12.0.v20160606-1342.jar
     [classpath + loader.0] file:/Users/philip-iii/Dev/workspaces/neon-emf/.metadata/.plugins/org.eclipse.pde.core/.external_libraries/fr.inria.atlanmod.neoemf.core_1.0.0/commons-lang-2.6.jar
     [loader.0] file:/Users/philip-iii/Dev/Eclipse%20Neon.app/Contents/Eclipse/plugins/org.eclipse.equinox.app_1.3.400.v20150715-1528.jar
     [classpath] /Users/philip-iii/Dev/Eclipse Neon.app/Contents/Eclipse/plugins/org.eclipse.core.runtime_3.12.0.v20160606-1342.jar
     [loader.0] file:/Users/philip-iii/Dev/Eclipse%20Neon.app/Contents/Eclipse/plugins/org.eclipse.equinox.preferences_3.6.0.v20160120-1756.jar
     [loader.0] file:/Users/philip-iii/Dev/Eclipse%20Neon.app/Contents/Eclipse/plugins/org.eclipse.emf.ecore.change_2.11.0.v20160420-0247.jar
     [bootstrap] /Library/Java/JavaVirtualMachines/jdk1.8.0.jdk/Contents/Home/jre/lib/charsets.jar
     [classpath + loader.0] file:/Users/philip-iii/Dev/workspaces/neon-emf/.metadata/.plugins/org.eclipse.pde.core/.external_libraries/fr.inria.atlanmod.neoemf.blueprints_1.0.0/commons-lang-2.6.jar
     [classpath + loader.0] file:/Users/philip-iii/Dev/workspaces/neon-emf/.metadata/.plugins/org.eclipse.pde.core/.external_libraries/fr.inria.atlanmod.neoemf.core_1.0.0/commons-lang3-3.5.jar
     [classpath] /Users/philip-iii/Dev/Eclipse Neon.app/Contents/Eclipse/plugins/org.eclipse.epsilon.erl.engine_1.4.0.201608081018.jar
     [bootstrap] /Library/Java/JavaVirtualMachines/jdk1.8.0.jdk/Contents/Home/jre/lib/jsse.jar
     [loader.0] file:/Users/philip-iii/Dev/Eclipse%20Neon.app/Contents/Eclipse/plugins/org.eclipse.osgi_3.11.0.v20160603-1336.jar
     [loader.0] file:/Users/philip-iii/Dev/Eclipse%20Neon.app/Contents/Eclipse/plugins/javax.inject_1.0.0.v20091030.jar
     [bootstrap] /Library/Java/JavaVirtualMachines/jdk1.8.0.jdk/Contents/Home/jre/lib/jce.jar
     [classpath] /Users/philip-iii/Dev/Eclipse Neon.app/Contents/Eclipse/plugins/org.eclipse.emf.ecore.change_2.11.0.v20160420-0247.jar
     [loader.1] file:/Library/Java/JavaVirtualMachines/jdk1.8.0.jdk/Contents/Home/jre/lib/ext/localedata.jar
     [classpath + loader.0] file:/Users/philip-iii/Dev/workspaces/neon-emf/.metadata/.plugins/org.eclipse.pde.core/.external_libraries/fr.inria.atlanmod.neoemf.core_1.0.0/cglib-nodep-3.2.4.jar
     [classpath] /Users/philip-iii/Dev/Eclipse Neon.app/Contents/Eclipse/plugins/org.eclipse.epsilon.eol.engine_1.4.0.201608081018.jar
     [bootstrap] /Library/Java/JavaVirtualMachines/jdk1.8.0.jdk/Contents/Home/jre/lib/JObjC.jar
     [classpath] /Users/philip-iii/Dev/Eclipse Neon.app/Contents/Eclipse/plugins/org.eclipse.emf.ecore_2.12.0.v20160420-0247.jar
     [classpath + loader.0] file:/Users/philip-iii/Dev/workspaces/neon-emf/.metadata/.plugins/org.eclipse.pde.core/.external_libraries/fr.inria.atlanmod.neoemf.blueprints_1.0.0/blueprints-core-2.6.0.jar
     [classpath + loader.0] file:/Users/philip-iii/Dev/workspaces/neon-emf/.metadata/.plugins/org.eclipse.pde.core/.external_libraries/fr.inria.atlanmod.neoemf.blueprints_1.0.0/jettison-1.3.3.jar
     [classpath + loader.0] file:/Users/philip-iii/Dev/workspaces/neon-emf/.metadata/.plugins/org.eclipse.pde.core/.external_libraries/fr.inria.atlanmod.neoemf.core_1.0.0/caffeine-2.3.5.jar
     [loader.0] file:/Users/philip-iii/Dev/Eclipse%20Neon.app/Contents/Eclipse/plugins/org.antlr.runtime_3.1.b1_3.1.0.jar
     [loader.0] file:/Users/philip-iii/Dev/Eclipse%20Neon.app/Contents/Eclipse/plugins/org.eclipse.epsilon.eol.tools_1.4.0.201608081018.jar
     [classpath + loader.0] file:/Users/philip-iii/Dev/workspaces/neon-emf/.metadata/.plugins/org.eclipse.pde.core/.external_libraries/fr.inria.atlanmod.neoemf.core_1.0.0/guava-20.0.jar
     [loader.1] file:/Library/Java/JavaVirtualMachines/jdk1.8.0.jdk/Contents/Home/jre/lib/ext/cldrdata.jar
     [loader.1] file:/Library/Java/JavaVirtualMachines/jdk1.8.0.jdk/Contents/Home/jre/lib/ext/sunjce_provider.jar
     [loader.0] file:/Users/philip-iii/Dev/Eclipse%20Neon.app/Contents/Eclipse/plugins/org.eclipse.core.contenttype_3.5.100.v20160418-1621.jar
     [loader.0] file:/Users/philip-iii/Dev/Eclipse%20Neon.app/Contents/Eclipse/plugins/org.eclipse.epsilon.common_1.4.0.201608081018.jar
     [classpath] /Users/philip-iii/Dev/Eclipse Neon.app/Contents/Eclipse/plugins/org.eclipse.emf.common_2.12.0.v20160420-0247.jar
     [classpath + loader.0] file:/Users/philip-iii/Dev/workspaces/neon-emf/.metadata/.plugins/org.eclipse.pde.core/.external_libraries/fr.inria.atlanmod.neoemf.blueprints_1.0.0/stax-api-1.0.1.jar
     [classpath + loader.0] file:/Users/philip-iii/Dev/workspaces/neon-emf/.metadata/.plugins/org.eclipse.pde.core/.external_libraries/fr.inria.atlanmod.neoemf.blueprints_1.0.0/commons-io-2.5.jar
     [loader.0] file:/Users/philip-iii/Dev/Eclipse%20Neon.app/Contents/Eclipse/plugins/org.eclipse.emf_2.6.0.v20160526-0356.jar
     [loader.1] file:/Library/Java/JavaVirtualMachines/jdk1.8.0.jdk/Contents/Home/jre/lib/ext/dnsns.jar
     [loader.0] file:/Users/philip-iii/Dev/Eclipse%20Neon.app/Contents/Eclipse/plugins/org.eclipse.epsilon.profiling_1.4.0.201608081018.jar
     [classpath + loader.0] file:/Users/philip-iii/Dev/workspaces/neon-emf/.metadata/.plugins/org.eclipse.pde.core/.external_libraries/fr.inria.atlanmod.neoemf.blueprints.neo4j_1.0.0/neo4j-kernel-1.9.6.jar
     [classpath] /Users/philip-iii/Dev/Eclipse Neon.app/Contents/Eclipse/plugins/org.antlr.runtime_3.1.b1_3.1.0.jar
     [loader.1] file:/System/Library/Java/Extensions/MRJToolkit.jar
     [classpath] /Users/philip-iii/Dev/Eclipse Neon.app/Contents/Eclipse/plugins/org.eclipse.epsilon.common_1.4.0.201608081018.jar
     [classpath] /Users/philip-iii/Dev/Eclipse Neon.app/Contents/Eclipse/plugins/org.eclipse.equinox.app_1.3.400.v20150715-1528.jar
     [classpath] /Users/philip-iii/Dev/Eclipse Neon.app/Contents/Eclipse/plugins/fr.inria.atlanmod.neoemf.core_1.0.0.jar
     [loader.0] file:/Users/philip-iii/Dev/Eclipse%20Neon.app/Contents/Eclipse/plugins/org.eclipse.emf.ecore_2.12.0.v20160420-0247.jar
     [classpath + loader.0] file:/Users/philip-iii/Dev/workspaces/neon-emf/.metadata/.plugins/org.eclipse.pde.core/.external_libraries/fr.inria.atlanmod.neoemf.blueprints_1.0.0/jackson-core-2.2.3.jar
     [classpath] /Users/philip-iii/Dev/Eclipse Neon.app/Contents/Eclipse/plugins/org.eclipse.epsilon.etl.engine_1.4.0.201608081018.jar
     [loader.1] file:/Library/Java/JavaVirtualMachines/jdk1.8.0.jdk/Contents/Home/jre/lib/ext/zipfs.jar
     [loader.0] file:/Users/philip-iii/Dev/Eclipse%20Neon.app/Contents/Eclipse/plugins/org.eclipse.emf.common_2.12.0.v20160420-0247.jar
     [bootstrap] /Library/Java/JavaVirtualMachines/jdk1.8.0.jdk/Contents/Home/jre/lib/resources.jar
     [classpath + loader.0] file:/Users/philip-iii/Dev/workspaces/neon-emf/.metadata/.plugins/org.eclipse.pde.core/.external_libraries/fr.inria.atlanmod.neoemf.core_1.0.0/log4j-api-2.7.jar
     [classpath + loader.0] file:/Users/philip-iii/Dev/workspaces/neon-emf/.metadata/.plugins/org.eclipse.pde.core/.external_libraries/fr.inria.atlanmod.neoemf.core_1.0.0/log4j-core-2.7.jar
     [classpath + loader.0] file:/Users/philip-iii/Dev/workspaces/neon-emf/.metadata/.plugins/org.eclipse.pde.core/.external_libraries/fr.inria.atlanmod.neoemf.blueprints.neo4j_1.0.0/blueprints-neo4j-graph-2.6.0.jar
     [classpath] /Users/philip-iii/Dev/Eclipse Neon.app/Contents/Eclipse/plugins/org.eclipse.core.jobs_3.8.0.v20160509-0411.jar
     [loader.0] file:/Users/philip-iii/Dev/Eclipse%20Neon.app/Contents/Eclipse/plugins/org.eclipse.osgi.compatibility.state_1.0.200.v20160504-1419.jar
     [classpath + loader.0] file:/Users/philip-iii/Dev/workspaces/neon-emf/.metadata/.plugins/org.eclipse.pde.core/.external_libraries/fr.inria.atlanmod.neoemf.blueprints_1.0.0/jsr305-3.0.1.jar
     [classpath] /Users/philip-iii/Dev/Eclipse Neon.app/Contents/Eclipse/plugins/org.eclipse.epsilon.emc.emf_1.4.0.201608081018.jar
     [classpath + loader.0] file:/Users/philip-iii/Dev/workspaces/neon-emf/.metadata/.plugins/org.eclipse.pde.core/.external_libraries/fr.inria.atlanmod.neoemf.blueprints_1.0.0/caffeine-2.3.5.jar
     [classpath + loader.0] file:/Users/philip-iii/Dev/workspaces/neon-emf/.metadata/.plugins/org.eclipse.pde.core/.external_libraries/fr.inria.atlanmod.neoemf.blueprints_1.0.0/jackson-databind-2.2.3.jar
     [bootstrap] /Library/Java/JavaVirtualMachines/jdk1.8.0.jdk/Contents/Home/jre/lib/sunrsasign.jar
     [loader.1] file:/Library/Java/JavaVirtualMachines/jdk1.8.0.jdk/Contents/Home/jre/lib/ext/jfxrt.jar
     [classpath] /Users/philip-iii/Dev/Eclipse Neon.app/Contents/Eclipse/plugins/org.eclipse.core.contenttype_3.5.100.v20160418-1621.jar
     [loader.0] file:/Users/philip-iii/Dev/Eclipse%20Neon.app/Contents/Eclipse/plugins/org.eclipse.epsilon.dependencies_1.4.0.201608081018.jar
     [loader.1] file:/Library/Java/JavaVirtualMachines/jdk1.8.0.jdk/Contents/Home/jre/lib/ext/nashorn.jar
     [classpath] /Users/philip-iii/Dev/Eclipse Neon.app/Contents/Eclipse/plugins/org.eclipse.emf_2.6.0.v20160526-0356.jar
2017-02-15 02:11:39.085+0000 INFO  [org.neo4j]: Library path:
    /Users/philip-iii/Library/Java/Extensions
    /Library/Java/Extensions
    /Network/Library/Java/Extensions
    /System/Library/Java/Extensions
    /usr/lib/java
    /Users/philip-iii/Dev/workspaces/neon-emf/NeoEpsilon
2017-02-15 02:11:39.086+0000 INFO  [org.neo4j]: System.properties:
    sun.boot.library.path = /Library/Java/JavaVirtualMachines/jdk1.8.0.jdk/Contents/Home/jre/lib
    user.country.format = DE
    gopherProxySet = false
    path.separator = :
    file.encoding.pkg = sun.io
    user.country = US
    sun.java.launcher = SUN_STANDARD
    sun.os.patch.level = unknown
    user.dir = /Users/philip-iii/Dev/workspaces/neon-emf/NeoEpsilon
    sun.jnu.encoding = UTF-8
    sun.management.compiler = HotSpot 64-Bit Tiered Compilers
    http.nonProxyHosts = local|*.local|169.254/16|*.169.254/16
    user.home = /Users/philip-iii
    user.timezone = Europe/Berlin
    file.encoding = UTF-8
    user.name = philip-iii
    sun.java.command = app.App
    sun.arch.data.model = 64
    user.language = en
    awt.toolkit = sun.lwawt.macosx.LWCToolkit
    file.separator = /
    sun.io.unicode.encoding = UnicodeBig
    sun.cpu.endian = little
    socksNonProxyHosts = local|*.local|169.254/16|*.169.254/16
    ftp.nonProxyHosts = local|*.local|169.254/16|*.169.254/16
    sun.cpu.isalist = 
2017-02-15 02:11:39.086+0000 INFO  [org.neo4j]: Network information:
    Interface utun2:
        address: fe80:0:0:0:603:a9bb:3ce0:27c5%utun2
    Interface utun1:
        address: fd5c:14f8:2be:5618:353a:a71a:d6a3:eca1
        address: fe80:0:0:0:353a:a71a:d6a3:eca1%utun1
    Interface utun0:
        address: fe80:0:0:0:9dfc:9a38:3c94:552c%utun0
    Interface awdl0:
        address: fe80:0:0:0:3884:32ff:fe3f:6d60%awdl0
    Interface en0:
        address: fe80:0:0:0:18b4:707b:1cd5:5652%en0
        address: 192.168.0.102
    Interface lo0:
        address: fe80:0:0:0:0:0:0:1%lo0
        address: 0:0:0:0:0:0:0:1
        address: 127.0.0.1
2017-02-15 02:11:39.087+0000 INFO  [org.neo4j]: --- INITIALIZED diagnostics END ---
2017-02-15 02:11:39.088+0000 INFO  [org.neo4j]: Creating new db @ /Users/philip-iii/Dev/workspaces/neon-emf/NeoEpsilon/instance/head2head/model.neo/neostore
2017-02-15 02:11:39.098+0000 INFO  [org.neo4j]: [/Users/philip-iii/Dev/workspaces/neon-emf/NeoEpsilon/instance/head2head/model.neo/neostore.nodestore.db] brickCount=0 brickSize=1929375b mappedMem=192937984b (storeSize=0b)
2017-02-15 02:11:39.100+0000 INFO  [org.neo4j]: /Users/philip-iii/Dev/workspaces/neon-emf/NeoEpsilon/instance/head2head/model.neo/neostore.nodestore.db hit=1 miss=0 switches=0 ooe=0
2017-02-15 02:11:39.126+0000 INFO  [org.neo4j]: [/Users/philip-iii/Dev/workspaces/neon-emf/NeoEpsilon/instance/head2head/model.neo/neostore.relationshiptypestore.db.names] brickCount=0 brickSize=0b mappedMem=0b (storeSize=38b)
2017-02-15 02:11:39.126+0000 INFO  [org.neo4j]: [/Users/philip-iii/Dev/workspaces/neon-emf/NeoEpsilon/instance/head2head/model.neo/neostore.relationshiptypestore.db] brickCount=0 brickSize=0b mappedMem=0b (storeSize=0b)
2017-02-15 02:11:39.126+0000 INFO  [org.neo4j]: /Users/philip-iii/Dev/workspaces/neon-emf/NeoEpsilon/instance/head2head/model.neo/neostore.relationshiptypestore.db.names hit=0 miss=0 switches=0 ooe=0
2017-02-15 02:11:39.133+0000 INFO  [org.neo4j]: /Users/philip-iii/Dev/workspaces/neon-emf/NeoEpsilon/instance/head2head/model.neo/neostore.relationshiptypestore.db hit=0 miss=0 switches=0 ooe=0
2017-02-15 02:11:39.134+0000 INFO  [org.neo4j]: [/Users/philip-iii/Dev/workspaces/neon-emf/NeoEpsilon/instance/head2head/model.neo/neostore.relationshiptypestore.db.names] brickCount=0 brickSize=0b mappedMem=0b (storeSize=38b)
2017-02-15 02:11:39.134+0000 INFO  [org.neo4j]: [/Users/philip-iii/Dev/workspaces/neon-emf/NeoEpsilon/instance/head2head/model.neo/neostore.relationshiptypestore.db] brickCount=0 brickSize=0b mappedMem=0b (storeSize=0b)
2017-02-15 02:11:39.134+0000 INFO  [org.neo4j]: [/Users/philip-iii/Dev/workspaces/neon-emf/NeoEpsilon/instance/head2head/model.neo/neostore.propertystore.db.strings] brickCount=0 brickSize=590336b mappedMem=590348288b (storeSize=128b)
2017-02-15 02:11:39.134+0000 INFO  [org.neo4j]: [/Users/philip-iii/Dev/workspaces/neon-emf/NeoEpsilon/instance/head2head/model.neo/neostore.propertystore.db.index.keys] brickCount=0 brickSize=0b mappedMem=0b (storeSize=38b)
2017-02-15 02:11:39.135+0000 INFO  [org.neo4j]: [/Users/philip-iii/Dev/workspaces/neon-emf/NeoEpsilon/instance/head2head/model.neo/neostore.propertystore.db.index] brickCount=0 brickSize=0b mappedMem=0b (storeSize=0b)
2017-02-15 02:11:39.135+0000 INFO  [org.neo4j]: [/Users/philip-iii/Dev/workspaces/neon-emf/NeoEpsilon/instance/head2head/model.neo/neostore.propertystore.db.arrays] brickCount=0 brickSize=669952b mappedMem=670040064b (storeSize=128b)
2017-02-15 02:11:39.135+0000 INFO  [org.neo4j]: [/Users/philip-iii/Dev/workspaces/neon-emf/NeoEpsilon/instance/head2head/model.neo/neostore.propertystore.db] brickCount=0 brickSize=6952042b mappedMem=695205888b (storeSize=0b)
2017-02-15 02:11:39.135+0000 INFO  [org.neo4j]: [/Users/philip-iii/Dev/workspaces/neon-emf/NeoEpsilon/instance/head2head/model.neo/neostore.relationshipstore.db] brickCount=0 brickSize=8514429b mappedMem=851443712b (storeSize=0b)
2017-02-15 02:11:39.135+0000 INFO  [org.neo4j]: [/Users/philip-iii/Dev/workspaces/neon-emf/NeoEpsilon/instance/head2head/model.neo/neostore.nodestore.db] brickCount=0 brickSize=192933b mappedMem=192937984b (storeSize=9b)
2017-02-15 02:11:39.136+0000 INFO  [org.neo4j]: [/Users/philip-iii/Dev/workspaces/neon-emf/NeoEpsilon/instance/head2head/model.neo/neostore] brickCount=0 brickSize=0b mappedMem=0b (storeSize=0b)
2017-02-15 02:11:39.136+0000 INFO  [org.neo4j]: /Users/philip-iii/Dev/workspaces/neon-emf/NeoEpsilon/instance/head2head/model.neo/neostore.relationshiptypestore.db.names hit=0 miss=0 switches=0 ooe=0
2017-02-15 02:11:39.138+0000 INFO  [org.neo4j]: /Users/philip-iii/Dev/workspaces/neon-emf/NeoEpsilon/instance/head2head/model.neo/neostore.relationshiptypestore.db hit=0 miss=0 switches=0 ooe=0
2017-02-15 02:11:39.139+0000 INFO  [org.neo4j]: /Users/philip-iii/Dev/workspaces/neon-emf/NeoEpsilon/instance/head2head/model.neo/neostore.propertystore.db.strings hit=0 miss=0 switches=0 ooe=0
2017-02-15 02:11:39.143+0000 INFO  [org.neo4j]: /Users/philip-iii/Dev/workspaces/neon-emf/NeoEpsilon/instance/head2head/model.neo/neostore.propertystore.db.index.keys hit=0 miss=0 switches=0 ooe=0
2017-02-15 02:11:39.155+0000 INFO  [org.neo4j]: /Users/philip-iii/Dev/workspaces/neon-emf/NeoEpsilon/instance/head2head/model.neo/neostore.propertystore.db.index hit=0 miss=0 switches=0 ooe=0
2017-02-15 02:11:39.158+0000 INFO  [org.neo4j]: /Users/philip-iii/Dev/workspaces/neon-emf/NeoEpsilon/instance/head2head/model.neo/neostore.propertystore.db.arrays hit=0 miss=0 switches=0 ooe=0
2017-02-15 02:11:39.160+0000 INFO  [org.neo4j]: /Users/philip-iii/Dev/workspaces/neon-emf/NeoEpsilon/instance/head2head/model.neo/neostore.propertystore.db hit=0 miss=0 switches=0 ooe=0
2017-02-15 02:11:39.162+0000 INFO  [org.neo4j]: /Users/philip-iii/Dev/workspaces/neon-emf/NeoEpsilon/instance/head2head/model.neo/neostore.relationshipstore.db hit=0 miss=0 switches=0 ooe=0
2017-02-15 02:11:39.163+0000 INFO  [org.neo4j]: /Users/philip-iii/Dev/workspaces/neon-emf/NeoEpsilon/instance/head2head/model.neo/neostore.nodestore.db hit=0 miss=0 switches=0 ooe=0
2017-02-15 02:11:39.164+0000 INFO  [org.neo4j]: /Users/philip-iii/Dev/workspaces/neon-emf/NeoEpsilon/instance/head2head/model.neo/neostore hit=0 miss=8 switches=0 ooe=0
2017-02-15 02:11:39.165+0000 INFO  [org.neo4j]: [/Users/philip-iii/Dev/workspaces/neon-emf/NeoEpsilon/instance/head2head/model.neo/neostore.relationshiptypestore.db.names] brickCount=0 brickSize=0b mappedMem=0b (storeSize=38b)
2017-02-15 02:11:39.166+0000 INFO  [org.neo4j]: [/Users/philip-iii/Dev/workspaces/neon-emf/NeoEpsilon/instance/head2head/model.neo/neostore.relationshiptypestore.db] brickCount=0 brickSize=0b mappedMem=0b (storeSize=0b)
2017-02-15 02:11:39.166+0000 INFO  [org.neo4j]: [/Users/philip-iii/Dev/workspaces/neon-emf/NeoEpsilon/instance/head2head/model.neo/neostore.propertystore.db.strings] brickCount=0 brickSize=590336b mappedMem=590348288b (storeSize=128b)
2017-02-15 02:11:39.166+0000 INFO  [org.neo4j]: [/Users/philip-iii/Dev/workspaces/neon-emf/NeoEpsilon/instance/head2head/model.neo/neostore.propertystore.db.index.keys] brickCount=0 brickSize=0b mappedMem=0b (storeSize=38b)
2017-02-15 02:11:39.167+0000 INFO  [org.neo4j]: [/Users/philip-iii/Dev/workspaces/neon-emf/NeoEpsilon/instance/head2head/model.neo/neostore.propertystore.db.index] brickCount=0 brickSize=0b mappedMem=0b (storeSize=0b)
2017-02-15 02:11:39.167+0000 INFO  [org.neo4j]: [/Users/philip-iii/Dev/workspaces/neon-emf/NeoEpsilon/instance/head2head/model.neo/neostore.propertystore.db.arrays] brickCount=0 brickSize=669952b mappedMem=670040064b (storeSize=128b)
2017-02-15 02:11:39.168+0000 INFO  [org.neo4j]: [/Users/philip-iii/Dev/workspaces/neon-emf/NeoEpsilon/instance/head2head/model.neo/neostore.propertystore.db] brickCount=0 brickSize=6952042b mappedMem=695205888b (storeSize=0b)
2017-02-15 02:11:39.168+0000 INFO  [org.neo4j]: [/Users/philip-iii/Dev/workspaces/neon-emf/NeoEpsilon/instance/head2head/model.neo/neostore.relationshipstore.db] brickCount=0 brickSize=8514429b mappedMem=851443712b (storeSize=0b)
2017-02-15 02:11:39.168+0000 INFO  [org.neo4j]: [/Users/philip-iii/Dev/workspaces/neon-emf/NeoEpsilon/instance/head2head/model.neo/neostore.nodestore.db] brickCount=0 brickSize=192933b mappedMem=192937984b (storeSize=9b)
2017-02-15 02:11:39.168+0000 INFO  [org.neo4j]: [/Users/philip-iii/Dev/workspaces/neon-emf/NeoEpsilon/instance/head2head/model.neo/neostore] brickCount=0 brickSize=0b mappedMem=0b (storeSize=54b)
2017-02-15 02:11:39.170+0000 INFO  [org.neo4j]: Opened logical log [/Users/philip-iii/Dev/workspaces/neon-emf/NeoEpsilon/instance/head2head/model.neo/nioneo_logical.log.1] version=0, lastTxId=1 (clean)
2017-02-15 02:11:39.174+0000 INFO  [org.neo4j]: TM new log: tm_tx_log.1
2017-02-15 02:11:39.180+0000 INFO  [org.neo4j]: Opened logical log [/Users/philip-iii/Dev/workspaces/neon-emf/NeoEpsilon/instance/head2head/model.neo/index/lucene.log.1] version=0, lastTxId=1 (clean)
2017-02-15 02:11:39.183+0000 INFO  [org.neo4j]: --- STARTED diagnostics for KernelDiagnostics:Versions START ---
2017-02-15 02:11:39.183+0000 INFO  [org.neo4j]: Graph Database: org.neo4j.kernel.EmbeddedGraphDatabase StoreId[time:1487124699088, id:5910248063401729780, store version: 13561656364791302]
2017-02-15 02:11:39.183+0000 INFO  [org.neo4j]: Kernel version: neo4j-kernel 1.9.6
2017-02-15 02:11:39.183+0000 INFO  [org.neo4j]: Neo4j component versions:
2017-02-15 02:11:39.184+0000 INFO  [org.neo4j]:   neo4j-kernel 1.9.6
2017-02-15 02:11:39.184+0000 INFO  [org.neo4j]: --- STARTED diagnostics for KernelDiagnostics:Versions END ---
2017-02-15 02:11:39.184+0000 INFO  [org.neo4j]: --- STARTED diagnostics for NEO_STORE_VERSIONS START ---
2017-02-15 02:11:39.184+0000 INFO  [org.neo4j]: Store versions:
    Store versions:
      NeoStore v0.A.0
      NodeStore v0.A.0
      RelationshipStore v0.A.0
      RelationshipTypeStore v0.A.0
      PropertyStore v0.A.0
      PropertyIndexStore v0.A.0
      StringPropertyStore v0.A.0
      ArrayPropertyStore v0.A.0
2017-02-15 02:11:39.184+0000 INFO  [org.neo4j]: --- STARTED diagnostics for NEO_STORE_VERSIONS END ---
2017-02-15 02:11:39.184+0000 INFO  [org.neo4j]: --- STARTED diagnostics for NEO_STORE_ID_USAGE START ---
2017-02-15 02:11:39.184+0000 INFO  [org.neo4j]: Id usage:
    Id usage:
      NodeStore: used=1 high=0
      RelationshipStore: used=0 high=-1
      RelationshipTypeStore: used=0 high=-1
      PropertyStore: used=0 high=-1
      PropertyIndexStore: used=0 high=-1
      StringPropertyStore: used=1 high=0
      ArrayPropertyStore: used=1 high=0
2017-02-15 02:11:39.184+0000 INFO  [org.neo4j]: --- STARTED diagnostics for NEO_STORE_ID_USAGE END ---
2017-02-15 02:11:39.184+0000 INFO  [org.neo4j]: --- STARTED diagnostics for PERSISTENCE_WINDOW_POOL_STATS START ---
2017-02-15 02:11:39.184+0000 INFO  [org.neo4j]: --- STARTED diagnostics for PERSISTENCE_WINDOW_POOL_STATS END ---
2017-02-15 02:11:39.185+0000 INFO  [org.neo4j]: --- STARTED diagnostics for KernelDiagnostics:StoreFiles START ---
2017-02-15 02:11:39.185+0000 INFO  [org.neo4j]: Disk space on partition (Total / Free / Free %): 249779191808 / 8221249536 / 3
Storage files: (filename : modification date - size)
      active_tx_log: 2017-02-15T03:11:39+0100 - 11.00 B
      index:
        lucene-store.db: 2017-02-15T03:11:39+0100 - 40.00 B
        lucene.log.1: 2017-02-15T03:11:39+0100 - 16.00 B
        lucene.log.active: 2017-02-15T03:11:39+0100 - 4.00 B
      - Total: 2017-02-15T03:11:39+0100 - 60.00 B
      lock: 2017-02-15T03:11:39+0100 - 0.00 B
      messages.log: 2017-02-15T03:11:39+0100 - 29.90 kB
      neostore: 2017-02-15T03:11:39+0100 - 54.00 B
      neostore.id: 2017-02-15T03:11:39+0100 - 9.00 B
      neostore.nodestore.db: 2017-02-15T03:11:39+0100 - 9.00 B
      neostore.nodestore.db.id: 2017-02-15T03:11:39+0100 - 9.00 B
      neostore.propertystore.db: 2017-02-15T03:11:39+0100 - 0.00 B
      neostore.propertystore.db.arrays: 2017-02-15T03:11:39+0100 - 128.00 B
      neostore.propertystore.db.arrays.id: 2017-02-15T03:11:39+0100 - 9.00 B
      neostore.propertystore.db.id: 2017-02-15T03:11:39+0100 - 9.00 B
      neostore.propertystore.db.index: 2017-02-15T03:11:39+0100 - 0.00 B
      neostore.propertystore.db.index.id: 2017-02-15T03:11:39+0100 - 9.00 B
      neostore.propertystore.db.index.keys: 2017-02-15T03:11:39+0100 - 38.00 B
      neostore.propertystore.db.index.keys.id: 2017-02-15T03:11:39+0100 - 9.00 B
      neostore.propertystore.db.strings: 2017-02-15T03:11:39+0100 - 128.00 B
      neostore.propertystore.db.strings.id: 2017-02-15T03:11:39+0100 - 9.00 B
      neostore.relationshipstore.db: 2017-02-15T03:11:39+0100 - 0.00 B
      neostore.relationshipstore.db.id: 2017-02-15T03:11:39+0100 - 9.00 B
      neostore.relationshiptypestore.db: 2017-02-15T03:11:39+0100 - 0.00 B
      neostore.relationshiptypestore.db.id: 2017-02-15T03:11:39+0100 - 9.00 B
      neostore.relationshiptypestore.db.names: 2017-02-15T03:11:39+0100 - 38.00 B
      neostore.relationshiptypestore.db.names.id: 2017-02-15T03:11:39+0100 - 9.00 B
      nioneo_logical.log.1: 2017-02-15T03:11:39+0100 - 16.00 B
      nioneo_logical.log.active: 2017-02-15T03:11:39+0100 - 4.00 B
      store_lock: 2017-02-15T03:11:39+0100 - 0.00 B
      tm_tx_log.1: 2017-02-15T03:11:39+0100 - 0.00 B
2017-02-15 02:11:39.188+0000 INFO  [org.neo4j]: --- STARTED diagnostics for KernelDiagnostics:StoreFiles END ---
2017-02-15 02:11:39.189+0000 INFO  [org.neo4j]: Database is now ready
2017-02-15 02:11:39.189+0000 INFO  [org.neo4j]: GC Monitor started. 
2017-02-15 02:11:39.330+0000 INFO  [org.neo4j]: Shutdown started
2017-02-15 02:11:39.330+0000 INFO  [org.neo4j]: Database is no longer ready
2017-02-15 02:11:39.330+0000 INFO  [org.neo4j]: GC Monitor stopped. 
2017-02-15 02:11:39.347+0000 INFO  [org.neo4j]: Closed log /Users/philip-iii/Dev/workspaces/neon-emf/NeoEpsilon/instance/head2head/model.neo/index/lucene.log
2017-02-15 02:11:39.349+0000 INFO  [org.neo4j]: TM shutting down
2017-02-15 02:11:39.351+0000 INFO  [org.neo4j]: Closed log /Users/philip-iii/Dev/workspaces/neon-emf/NeoEpsilon/instance/head2head/model.neo/nioneo_logical.log
2017-02-15 02:11:39.354+0000 INFO  [org.neo4j]: /Users/philip-iii/Dev/workspaces/neon-emf/NeoEpsilon/instance/head2head/model.neo/neostore.relationshiptypestore.db.names hit=0 miss=4 switches=0 ooe=0
2017-02-15 02:11:39.358+0000 INFO  [org.neo4j]: /Users/philip-iii/Dev/workspaces/neon-emf/NeoEpsilon/instance/head2head/model.neo/neostore.relationshiptypestore.db hit=0 miss=4 switches=0 ooe=0
2017-02-15 02:11:39.359+0000 INFO  [org.neo4j]: /Users/philip-iii/Dev/workspaces/neon-emf/NeoEpsilon/instance/head2head/model.neo/neostore.propertystore.db.strings hit=4 miss=0 switches=0 ooe=0
2017-02-15 02:11:39.359+0000 INFO  [org.neo4j]: /Users/philip-iii/Dev/workspaces/neon-emf/NeoEpsilon/instance/head2head/model.neo/neostore.propertystore.db.index.keys hit=0 miss=9 switches=0 ooe=0
2017-02-15 02:11:39.360+0000 INFO  [org.neo4j]: /Users/philip-iii/Dev/workspaces/neon-emf/NeoEpsilon/instance/head2head/model.neo/neostore.propertystore.db.index hit=0 miss=9 switches=0 ooe=0
2017-02-15 02:11:39.361+0000 INFO  [org.neo4j]: /Users/philip-iii/Dev/workspaces/neon-emf/NeoEpsilon/instance/head2head/model.neo/neostore.propertystore.db.arrays hit=3 miss=0 switches=0 ooe=0
2017-02-15 02:11:39.361+0000 INFO  [org.neo4j]: /Users/philip-iii/Dev/workspaces/neon-emf/NeoEpsilon/instance/head2head/model.neo/neostore.propertystore.db hit=31 miss=0 switches=0 ooe=0
2017-02-15 02:11:39.362+0000 INFO  [org.neo4j]: /Users/philip-iii/Dev/workspaces/neon-emf/NeoEpsilon/instance/head2head/model.neo/neostore.relationshipstore.db hit=11 miss=0 switches=0 ooe=0
2017-02-15 02:11:39.363+0000 INFO  [org.neo4j]: /Users/philip-iii/Dev/workspaces/neon-emf/NeoEpsilon/instance/head2head/model.neo/neostore.nodestore.db hit=12 miss=0 switches=0 ooe=0
2017-02-15 02:11:39.364+0000 INFO  [org.neo4j]: /Users/philip-iii/Dev/workspaces/neon-emf/NeoEpsilon/instance/head2head/model.neo/neostore hit=0 miss=25 switches=0 ooe=0
2017-02-15 02:11:39.364+0000 INFO  [org.neo4j]: NeoStore closed
2017-02-15 02:11:39.364+0000 INFO  [org.neo4j]: --- STOPPING diagnostics START ---
2017-02-15 02:11:39.364+0000 INFO  [org.neo4j]: --- STOPPING diagnostics END ---
